2021-09-09 14:59:50,771 [INFO]Common_Buss.py[line:85] ===========检查用户在线状态========:
2021-09-09 14:59:52,915 [INFO]basepage.py[line:84] None：获取元素 ('id', 'com.ourydc.yuebaobao:id/iv_cancel'):
2021-09-09 14:59:53,743 [INFO]conftest.py[line:75] ===========当前已是登录状态，无需登录========:
2021-09-09 14:59:54,749 [INFO]test_room.py[line:20] **************房间模块-推荐tap-进退聊天室****************:
2021-09-09 14:59:54,749 [INFO]test_room.py[line:20] **************房间模块-推荐tap-进退聊天室****************:
2021-09-09 14:59:54,749 [INFO]test_room.py[line:20] **************房间模块-推荐tap-进退聊天室****************:
2021-09-09 14:59:54,753 [INFO]basepage.py[line:59] 等待元素可点击:('id', 'com.ourydc.yuebaobao:id/iv_tab_live'):
2021-09-09 14:59:57,586 [INFO]basepage.py[line:84] 点击房间模块：获取元素 ('id', 'com.ourydc.yuebaobao:id/iv_tab_live'):
2021-09-09 14:59:57,654 [INFO]basepage.py[line:59] 等待元素可点击:('xpath', "//*[@class='android.widget.TextView' and @text='推荐']"):
2021-09-09 15:00:00,678 [INFO]basepage.py[line:84] 点击tap：获取元素 ('xpath', "//*[@class='android.widget.TextView' and @text='推荐']"):
2021-09-09 15:00:15,395 [ERROR]test_room.py[line:31] 进入推荐聊天室断言失败:
2021-09-09 15:00:15,395 [ERROR]test_room.py[line:31] 进入推荐聊天室断言失败:
2021-09-09 15:00:15,395 [ERROR]test_room.py[line:31] 进入推荐聊天室断言失败:
2021-09-09 15:00:16,555 [INFO]basepage.py[line:239] 截屏成功。图片路径为D:\myObject\lk_test_app\Outputs/screenshots\2021-09-09-15-00-15_进入推荐聊天室-断言截图.png:
2021-09-09 15:00:31,280 [INFO]Common_Buss.py[line:85] ===========检查用户在线状态========:
2021-09-09 15:00:33,509 [INFO]conftest.py[line:75] ===========当前已是登录状态，无需登录========:
2021-09-09 15:00:34,512 [INFO]test_room.py[line:41] **************房间模块-派对tap-进退房间****************:
2021-09-09 15:00:34,512 [INFO]test_room.py[line:41] **************房间模块-派对tap-进退房间****************:
2021-09-09 15:00:34,512 [INFO]test_room.py[line:41] **************房间模块-派对tap-进退房间****************:
2021-09-09 15:00:34,514 [INFO]basepage.py[line:59] 等待元素可点击:('id', 'com.ourydc.yuebaobao:id/iv_tab_live'):
2021-09-09 15:00:35,710 [INFO]basepage.py[line:84] 点击房间模块：获取元素 ('id', 'com.ourydc.yuebaobao:id/iv_tab_live'):
2021-09-09 15:00:35,774 [INFO]basepage.py[line:59] 等待元素可点击:('xpath', "//*[@class='android.widget.TextView' and @text='派对']"):
2021-09-09 15:00:38,976 [INFO]basepage.py[line:84] 点击tap：获取元素 ('xpath', "//*[@class='android.widget.TextView' and @text='派对']"):
2021-09-09 15:00:45,098 [INFO]basepage.py[line:59] 等待元素可点击:('id', 'com.ourydc.yuebaobao:id/lucky_bag_iv'):
2021-09-09 15:00:52,332 [INFO]basepage.py[line:84] 点击福袋：获取元素 ('id', 'com.ourydc.yuebaobao:id/lucky_bag_iv'):
2021-09-09 15:00:52,417 [INFO]basepage.py[line:34] 等待显示‘不发送消息给好友’: 等待元素可见 ('xpath', "//*[@class='android.view.View' and @text='不发送消息给好友']"):
2021-09-09 15:00:56,661 [INFO]basepage.py[line:59] 等待元素可点击:('id', 'com.ourydc.yuebaobao:id/rv_top'):
2021-09-09 15:00:58,105 [INFO]basepage.py[line:84] 点击排行榜：获取元素 ('id', 'com.ourydc.yuebaobao:id/rv_top'):
2021-09-09 15:00:59,743 [INFO]basepage.py[line:34] 等待周榜显示: 等待元素可见 ('xpath', "//*[@class='android.widget.TextView' and @text='周榜']"):
2021-09-09 15:01:00,869 [INFO]basepage.py[line:84] 点击周榜：获取元素 ('xpath', "//*[@class='android.widget.TextView' and @text='周榜']"):
2021-09-09 15:01:01,881 [INFO]basepage.py[line:34] 等待月榜显示: 等待元素可见 ('xpath', "//*[@class='android.widget.TextView' and @text='月榜']"):
2021-09-09 15:01:03,040 [INFO]basepage.py[line:84] 点击月榜：获取元素 ('xpath', "//*[@class='android.widget.TextView' and @text='月榜']"):
2021-09-09 15:01:03,490 [INFO]basepage.py[line:59] 等待元素可点击:('xpath', "//*[@class='android.widget.TextView' and @text='人气榜']"):
2021-09-09 15:01:05,110 [INFO]basepage.py[line:84] 点击人气榜：获取元素 ('xpath', "//*[@class='android.widget.TextView' and @text='人气榜']"):
2021-09-09 15:01:05,607 [INFO]basepage.py[line:34] 等待周榜显示: 等待元素可见 ('xpath', "//*[@class='android.widget.TextView' and @text='周榜']"):
2021-09-09 15:01:07,177 [INFO]basepage.py[line:84] 点击周榜：获取元素 ('xpath', "//*[@class='android.widget.TextView' and @text='周榜']"):
2021-09-09 15:01:08,203 [INFO]basepage.py[line:34] 等待月榜显示: 等待元素可见 ('xpath', "//*[@class='android.widget.TextView' and @text='月榜']"):
2021-09-09 15:01:09,364 [INFO]basepage.py[line:84] 点击月榜：获取元素 ('xpath', "//*[@class='android.widget.TextView' and @text='月榜']"):
2021-09-09 15:01:09,825 [INFO]basepage.py[line:59] 等待元素可点击:('xpath', "//*[@class='android.widget.TextView' and @text='守护榜']"):
2021-09-09 15:01:11,461 [INFO]basepage.py[line:84] 点击守护榜：获取元素 ('xpath', "//*[@class='android.widget.TextView' and @text='守护榜']"):
2021-09-09 15:01:14,380 [INFO]basepage.py[line:84] 点击返回按钮：获取元素 ('id', 'com.ourydc.yuebaobao:id/iv_back_new'):
2021-09-09 15:01:14,411 [INFO]basepage.py[line:59] 等待元素可点击:('id', 'com.ourydc.yuebaobao:id/masterAvatarView'):
2021-09-09 15:01:16,283 [INFO]basepage.py[line:84] None：获取元素 ('id', 'com.ourydc.yuebaobao:id/masterAvatarView'):
2021-09-09 15:01:16,710 [INFO]basepage.py[line:59] 等待元素可点击:('id', 'com.ourydc.yuebaobao:id/iv_user_profile'):
2021-09-09 15:01:19,579 [INFO]basepage.py[line:84] 点击房主资料：获取元素 ('id', 'com.ourydc.yuebaobao:id/iv_user_profile'):
2021-09-09 15:01:19,668 [INFO]basepage.py[line:72] 元素是否存在:('id', 'com.ourydc.yuebaobao:id/personIdView99999999999999'):
2021-09-09 15:01:29,505 [INFO]basepage.py[line:239] 截屏成功。图片路径为D:\myObject\lk_test_app\Outputs/screenshots\2021-09-09-15-01-28_None.png:
2021-09-09 15:01:29,507 [ERROR]basepage.py[line:80] 元素不存在:('id', 'com.ourydc.yuebaobao:id/personIdView99999999999999'):
2021-09-09 15:01:53,733 [INFO]Common_Buss.py[line:85] ===========检查用户在线状态========:
2021-09-09 15:01:56,446 [INFO]basepage.py[line:84] None：获取元素 ('id', 'com.ourydc.yuebaobao:id/iv_cancel'):
2021-09-09 15:01:57,319 [INFO]conftest.py[line:75] ===========当前已是登录状态，无需登录========:
2021-09-09 15:01:58,323 [INFO]test_room.py[line:62] **************房间模块-开黑tap-进退房间****************:
2021-09-09 15:01:58,323 [INFO]test_room.py[line:62] **************房间模块-开黑tap-进退房间****************:
2021-09-09 15:01:58,323 [INFO]test_room.py[line:62] **************房间模块-开黑tap-进退房间****************:
2021-09-09 15:01:58,324 [INFO]basepage.py[line:59] 等待元素可点击:('id', 'com.ourydc.yuebaobao:id/iv_tab_live'):
2021-09-09 15:02:00,839 [INFO]basepage.py[line:84] 点击房间模块：获取元素 ('id', 'com.ourydc.yuebaobao:id/iv_tab_live'):
2021-09-09 15:02:00,904 [INFO]basepage.py[line:59] 等待元素可点击:('xpath', "//*[@class='android.widget.TextView' and @text='开黑']"):
2021-09-09 15:02:03,851 [INFO]basepage.py[line:84] 点击tap：获取元素 ('xpath', "//*[@class='android.widget.TextView' and @text='开黑']"):
2021-09-09 15:02:09,927 [INFO]basepage.py[line:59] 等待元素可点击:('id', 'com.ourydc.yuebaobao:id/lucky_bag_iv'):
2021-09-09 15:02:14,179 [INFO]basepage.py[line:84] 点击福袋：获取元素 ('id', 'com.ourydc.yuebaobao:id/lucky_bag_iv'):
2021-09-09 15:02:14,293 [INFO]basepage.py[line:34] 等待显示‘不发送消息给好友’: 等待元素可见 ('xpath', "//*[@class='android.view.View' and @text='不发送消息给好友']"):
2021-09-09 15:02:17,190 [INFO]basepage.py[line:59] 等待元素可点击:('id', 'com.ourydc.yuebaobao:id/rv_top'):
2021-09-09 15:02:18,494 [INFO]basepage.py[line:84] 点击排行榜：获取元素 ('id', 'com.ourydc.yuebaobao:id/rv_top'):
2021-09-09 15:02:18,700 [INFO]basepage.py[line:34] 等待周榜显示: 等待元素可见 ('xpath', "//*[@class='android.widget.TextView' and @text='周榜']"):
2021-09-09 15:02:20,681 [INFO]basepage.py[line:84] 点击周榜：获取元素 ('xpath', "//*[@class='android.widget.TextView' and @text='周榜']"):
2021-09-09 15:02:21,588 [INFO]basepage.py[line:34] 等待月榜显示: 等待元素可见 ('xpath', "//*[@class='android.widget.TextView' and @text='月榜']"):
2021-09-09 15:02:22,672 [INFO]basepage.py[line:84] 点击月榜：获取元素 ('xpath', "//*[@class='android.widget.TextView' and @text='月榜']"):
2021-09-09 15:02:23,534 [INFO]basepage.py[line:59] 等待元素可点击:('xpath', "//*[@class='android.widget.TextView' and @text='人气榜']"):
2021-09-09 15:02:24,629 [INFO]basepage.py[line:84] 点击人气榜：获取元素 ('xpath', "//*[@class='android.widget.TextView' and @text='人气榜']"):
2021-09-09 15:02:24,899 [INFO]basepage.py[line:34] 等待周榜显示: 等待元素可见 ('xpath', "//*[@class='android.widget.TextView' and @text='周榜']"):
2021-09-09 15:02:26,652 [INFO]basepage.py[line:84] 点击周榜：获取元素 ('xpath', "//*[@class='android.widget.TextView' and @text='周榜']"):
2021-09-09 15:02:27,561 [INFO]basepage.py[line:34] 等待月榜显示: 等待元素可见 ('xpath', "//*[@class='android.widget.TextView' and @text='月榜']"):
2021-09-09 15:02:28,660 [INFO]basepage.py[line:84] 点击月榜：获取元素 ('xpath', "//*[@class='android.widget.TextView' and @text='月榜']"):
2021-09-09 15:02:28,828 [INFO]basepage.py[line:59] 等待元素可点击:('xpath', "//*[@class='android.widget.TextView' and @text='守护榜']"):
2021-09-09 15:02:30,622 [INFO]basepage.py[line:84] 点击守护榜：获取元素 ('xpath', "//*[@class='android.widget.TextView' and @text='守护榜']"):
2021-09-09 15:02:33,515 [INFO]basepage.py[line:84] 点击返回按钮：获取元素 ('id', 'com.ourydc.yuebaobao:id/iv_back_new'):
2021-09-09 15:02:33,553 [INFO]basepage.py[line:59] 等待元素可点击:('id', 'com.ourydc.yuebaobao:id/masterAvatarView'):
2021-09-09 15:02:35,345 [INFO]basepage.py[line:84] None：获取元素 ('id', 'com.ourydc.yuebaobao:id/masterAvatarView'):
2021-09-09 15:02:35,395 [INFO]basepage.py[line:59] 等待元素可点击:('id', 'com.ourydc.yuebaobao:id/iv_user_profile'):
2021-09-09 15:02:38,331 [INFO]basepage.py[line:84] 点击房主资料：获取元素 ('id', 'com.ourydc.yuebaobao:id/iv_user_profile'):
2021-09-09 15:02:38,414 [INFO]basepage.py[line:72] 元素是否存在:('id', 'com.ourydc.yuebaobao:id/personIdView99999999999999'):
2021-09-09 15:02:49,458 [INFO]basepage.py[line:239] 截屏成功。图片路径为D:\myObject\lk_test_app\Outputs/screenshots\2021-09-09-15-02-46_None.png:
2021-09-09 15:02:49,459 [ERROR]basepage.py[line:80] 元素不存在:('id', 'com.ourydc.yuebaobao:id/personIdView99999999999999'):
2021-09-09 15:03:12,981 [INFO]Common_Buss.py[line:85] ===========检查用户在线状态========:
2021-09-09 15:03:15,800 [INFO]basepage.py[line:84] None：获取元素 ('id', 'com.ourydc.yuebaobao:id/iv_cancel'):
2021-09-09 15:03:16,562 [INFO]conftest.py[line:75] ===========当前已是登录状态，无需登录========:
2021-09-09 15:03:17,565 [INFO]test_room.py[line:83] **************创建小窝类型的聊天室****************:
2021-09-09 15:03:17,565 [INFO]test_room.py[line:83] **************创建小窝类型的聊天室****************:
2021-09-09 15:03:17,565 [INFO]test_room.py[line:83] **************创建小窝类型的聊天室****************:
2021-09-09 15:03:17,569 [INFO]basepage.py[line:59] 等待元素可点击:('id', 'com.ourydc.yuebaobao:id/iv_tab_live'):
2021-09-09 15:03:18,924 [INFO]basepage.py[line:84] 点击房间模块：获取元素 ('id', 'com.ourydc.yuebaobao:id/iv_tab_live'):
2021-09-09 15:03:20,295 [INFO]basepage.py[line:59] 等待元素可点击:('id', 'com.ourydc.yuebaobao:id/menuIv'):
2021-09-09 15:03:23,233 [INFO]basepage.py[line:84] 点击创建聊天室入口按钮：获取元素 ('id', 'com.ourydc.yuebaobao:id/menuIv'):
2021-09-09 15:03:23,274 [INFO]basepage.py[line:72] 元素是否存在:('xpath', "//*[@resource-id='com.ourydc.yuebaobao:id/rv']/child::android.view.ViewGroup"):
2021-09-09 15:03:24,341 [INFO]basepage.py[line:72] 元素是否存在:('xpath', "//*[@resource-id='com.ourydc.yuebaobao:id/rv_label']/child::android.view.ViewGroup"):
2021-09-09 15:03:25,027 [INFO]basepage.py[line:72] 元素是否存在:('id', 'com.ourydc.yuebaobao:id/et_tag'):
2021-09-09 15:03:25,064 [INFO]basepage.py[line:84] 清除输入框默认文本：获取元素 ('id', 'com.ourydc.yuebaobao:id/et_tag'):
2021-09-09 15:03:25,649 [INFO]basepage.py[line:129] 清除输入框默认文本: 元素：('id', 'com.ourydc.yuebaobao:id/et_tag') 清除文本内容。:
2021-09-09 15:03:25,671 [INFO]basepage.py[line:84] basepage：获取元素 ('id', 'com.ourydc.yuebaobao:id/et_tag'):
2021-09-09 15:03:26,194 [INFO]basepage.py[line:115] 输入房间话题: 在元素 ('id', 'com.ourydc.yuebaobao:id/et_tag') 中输入文本：创建房间-1631171005:
2021-09-09 15:03:26,219 [INFO]basepage.py[line:72] 元素是否存在:('xpath', "//*[@resource-id='com.ourydc.yuebaobao:id/rcv_seat_num']/child::android.view.ViewGroup"):
2021-09-09 15:03:26,824 [INFO]basepage.py[line:59] 等待元素可点击:('id', 'com.ourydc.yuebaobao:id/btn_enter'):
2021-09-09 15:03:28,431 [INFO]basepage.py[line:84] 点击确认创建房间按钮：获取元素 ('id', 'com.ourydc.yuebaobao:id/btn_enter'):
2021-09-09 15:03:34,155 [INFO]basepage.py[line:59] 等待元素可点击:('id', 'com.ourydc.yuebaobao:id/menu'):
2021-09-09 15:03:35,326 [INFO]basepage.py[line:84] 点击房间菜单按钮：获取元素 ('id', 'com.ourydc.yuebaobao:id/menu'):
2021-09-09 15:03:36,428 [INFO]basepage.py[line:72] 元素是否存在:('xpath', "//*[@resource-id='com.ourydc.yuebaobao:id/gv']/child::android.widget.RelativeLayout"):
2021-09-09 15:03:38,261 [INFO]basepage.py[line:84] None：获取元素 ('id', 'com.ourydc.yuebaobao:id/tv_sure'):
2021-09-09 15:03:38,297 [INFO]test_room.py[line:88] 创建小窝类型的聊天室断言成功:
2021-09-09 15:03:38,297 [INFO]test_room.py[line:88] 创建小窝类型的聊天室断言成功:
2021-09-09 15:03:38,297 [INFO]test_room.py[line:88] 创建小窝类型的聊天室断言成功:
2021-09-09 15:03:52,801 [INFO]Common_Buss.py[line:85] ===========检查用户在线状态========:
2021-09-09 15:03:55,359 [INFO]conftest.py[line:75] ===========当前已是登录状态，无需登录========:
2021-09-09 15:03:56,363 [INFO]test_room.py[line:100] **************创建萌新接待类型的聊天室****************:
2021-09-09 15:03:56,363 [INFO]test_room.py[line:100] **************创建萌新接待类型的聊天室****************:
2021-09-09 15:03:56,363 [INFO]test_room.py[line:100] **************创建萌新接待类型的聊天室****************:
2021-09-09 15:03:56,367 [INFO]basepage.py[line:59] 等待元素可点击:('id', 'com.ourydc.yuebaobao:id/iv_tab_live'):
2021-09-09 15:03:57,672 [INFO]basepage.py[line:84] 点击房间模块：获取元素 ('id', 'com.ourydc.yuebaobao:id/iv_tab_live'):
2021-09-09 15:03:57,767 [INFO]basepage.py[line:59] 等待元素可点击:('id', 'com.ourydc.yuebaobao:id/menuIv'):
2021-09-09 15:04:01,093 [INFO]basepage.py[line:84] 点击创建聊天室入口按钮：获取元素 ('id', 'com.ourydc.yuebaobao:id/menuIv'):
2021-09-09 15:04:01,131 [INFO]basepage.py[line:72] 元素是否存在:('xpath', "//*[@resource-id='com.ourydc.yuebaobao:id/rv']/child::android.view.ViewGroup"):
2021-09-09 15:04:02,281 [INFO]basepage.py[line:72] 元素是否存在:('xpath', "//*[@resource-id='com.ourydc.yuebaobao:id/rv_label']/child::android.view.ViewGroup"):
2021-09-09 15:04:03,084 [INFO]basepage.py[line:72] 元素是否存在:('id', 'com.ourydc.yuebaobao:id/et_tag'):
2021-09-09 15:04:03,113 [INFO]basepage.py[line:84] 清除输入框默认文本：获取元素 ('id', 'com.ourydc.yuebaobao:id/et_tag'):
2021-09-09 15:04:03,713 [INFO]basepage.py[line:129] 清除输入框默认文本: 元素：('id', 'com.ourydc.yuebaobao:id/et_tag') 清除文本内容。:
2021-09-09 15:04:03,738 [INFO]basepage.py[line:84] basepage：获取元素 ('id', 'com.ourydc.yuebaobao:id/et_tag'):
2021-09-09 15:04:04,255 [INFO]basepage.py[line:115] 输入房间话题: 在元素 ('id', 'com.ourydc.yuebaobao:id/et_tag') 中输入文本：创建房间-1631171043:
2021-09-09 15:04:04,293 [INFO]basepage.py[line:59] 等待元素可点击:('id', 'com.ourydc.yuebaobao:id/btn_enter'):
2021-09-09 15:04:05,879 [INFO]basepage.py[line:84] 点击确认创建房间按钮：获取元素 ('id', 'com.ourydc.yuebaobao:id/btn_enter'):
2021-09-09 15:04:06,994 [INFO]basepage.py[line:84] basepage：获取元素 ('xpath', '//*[contains(@text,"需官方授权可开启")]'):
2021-09-09 15:04:07,071 [INFO]basepage.py[line:84] basepage：获取元素 ('xpath', '//*[contains(@text,"需官方授权可开启")]'):
2021-09-09 15:04:07,125 [INFO]room_page.py[line:97] toast=======需官方授权可开启哦～:
2021-09-09 15:04:07,125 [INFO]room_page.py[line:97] toast=======需官方授权可开启哦～:
2021-09-09 15:04:07,125 [INFO]room_page.py[line:97] toast=======需官方授权可开启哦～:
2021-09-09 15:04:07,127 [ERROR]test_room.py[line:107] 创建萌新接待类型的聊天室断言失败:
2021-09-09 15:04:07,127 [ERROR]test_room.py[line:107] 创建萌新接待类型的聊天室断言失败:
2021-09-09 15:04:07,127 [ERROR]test_room.py[line:107] 创建萌新接待类型的聊天室断言失败:
2021-09-09 15:04:07,706 [INFO]basepage.py[line:239] 截屏成功。图片路径为D:\myObject\lk_test_app\Outputs/screenshots\2021-09-09-15-04-07_创建萌新接待类型聊天室-断言截图.png:
2021-09-09 17:06:31,371 [INFO]Common_Buss.py[line:85] ===========检查用户在线状态========:
2021-09-09 17:06:34,266 [INFO]conftest.py[line:75] ===========当前已是登录状态，无需登录========:
2021-09-09 17:06:35,277 [INFO]test_homeMakeFriends.py[line:20] **************首页进出房间****************:
2021-09-09 17:06:35,277 [INFO]test_homeMakeFriends.py[line:20] **************首页进出房间****************:
2021-09-09 17:06:35,277 [INFO]test_homeMakeFriends.py[line:20] **************首页进出房间****************:
2021-09-09 17:06:35,277 [INFO]test_homeMakeFriends.py[line:20] **************首页进出房间****************:
2021-09-09 17:06:35,480 [INFO]home_page.py[line:21] 列表数据有3条:
2021-09-09 17:06:35,480 [INFO]home_page.py[line:21] 列表数据有3条:
2021-09-09 17:06:35,480 [INFO]home_page.py[line:21] 列表数据有3条:
2021-09-09 17:06:35,480 [INFO]home_page.py[line:21] 列表数据有3条:
2021-09-09 17:06:40,378 [INFO]basepage.py[line:59] 等待元素可点击:('id', 'com.ourydc.yuebaobao:id/masterAvatarView'):
2021-09-09 17:06:48,809 [ERROR]basepage.py[line:64] 未找到或元素不可点击('id', 'com.ourydc.yuebaobao:id/masterAvatarView'):
2021-09-09 17:06:51,399 [INFO]basepage.py[line:239] 截屏成功。图片路径为D:\myObject\lk_test_app\allure_result/screenshots\2021-09-09-17-06-48_等待可点击截图.png:
2021-09-09 17:06:54,689 [INFO]basepage.py[line:570] 循环检测页面是否有弹窗元素:('id', 'com.ourydc.yuebaobao:id/back'):
2021-09-09 17:06:54,689 [INFO]basepage.py[line:570] 循环检测页面是否有弹窗元素:('id', 'com.ourydc.yuebaobao:id/iv_cancel'):
2021-09-09 17:06:54,690 [INFO]basepage.py[line:570] 循环检测页面是否有弹窗元素:('id', 'com.ourydc.yuebaobao:id/btn_iknow'):
2021-09-09 17:06:54,691 [INFO]basepage.py[line:570] 循环检测页面是否有弹窗元素:('id', 'com.ourydc.yuebaobao:id/btn_pay'):
2021-09-09 17:06:54,691 [INFO]basepage.py[line:570] 循环检测页面是否有弹窗元素:('id', 'com.ourydc.yuebaobao:id/iv_finish_close'):
2021-09-09 17:06:57,936 [INFO]basepage.py[line:570] 循环检测页面是否有弹窗元素:('id', 'com.ourydc.yuebaobao:id/back'):
2021-09-09 17:06:57,937 [INFO]basepage.py[line:570] 循环检测页面是否有弹窗元素:('id', 'com.ourydc.yuebaobao:id/iv_cancel'):
2021-09-09 17:06:57,938 [INFO]basepage.py[line:570] 循环检测页面是否有弹窗元素:('id', 'com.ourydc.yuebaobao:id/btn_iknow'):
2021-09-09 17:06:57,938 [INFO]basepage.py[line:570] 循环检测页面是否有弹窗元素:('id', 'com.ourydc.yuebaobao:id/btn_pay'):
2021-09-09 17:06:57,938 [INFO]basepage.py[line:570] 循环检测页面是否有弹窗元素:('id', 'com.ourydc.yuebaobao:id/iv_finish_close'):
2021-09-09 17:06:58,978 [INFO]basepage.py[line:59] 等待元素可点击:('id', 'com.ourydc.yuebaobao:id/iv_user_profile'):
2021-09-09 17:07:07,351 [ERROR]basepage.py[line:64] 未找到或元素不可点击('id', 'com.ourydc.yuebaobao:id/iv_user_profile'):
2021-09-09 17:07:09,875 [INFO]basepage.py[line:239] 截屏成功。图片路径为D:\myObject\lk_test_app\allure_result/screenshots\2021-09-09-17-07-07_等待可点击截图.png:
2021-09-09 17:07:13,027 [INFO]basepage.py[line:570] 循环检测页面是否有弹窗元素:('id', 'com.ourydc.yuebaobao:id/back'):
2021-09-09 17:07:13,028 [INFO]basepage.py[line:570] 循环检测页面是否有弹窗元素:('id', 'com.ourydc.yuebaobao:id/iv_cancel'):
2021-09-09 17:07:13,028 [INFO]basepage.py[line:570] 循环检测页面是否有弹窗元素:('id', 'com.ourydc.yuebaobao:id/btn_iknow'):
2021-09-09 17:07:13,028 [INFO]basepage.py[line:570] 循环检测页面是否有弹窗元素:('id', 'com.ourydc.yuebaobao:id/btn_pay'):
2021-09-09 17:07:13,029 [INFO]basepage.py[line:570] 循环检测页面是否有弹窗元素:('id', 'com.ourydc.yuebaobao:id/iv_finish_close'):
2021-09-09 17:07:16,219 [INFO]basepage.py[line:570] 循环检测页面是否有弹窗元素:('id', 'com.ourydc.yuebaobao:id/back'):
2021-09-09 17:07:16,220 [INFO]basepage.py[line:570] 循环检测页面是否有弹窗元素:('id', 'com.ourydc.yuebaobao:id/iv_cancel'):
2021-09-09 17:07:16,220 [INFO]basepage.py[line:570] 循环检测页面是否有弹窗元素:('id', 'com.ourydc.yuebaobao:id/btn_iknow'):
2021-09-09 17:07:16,221 [INFO]basepage.py[line:570] 循环检测页面是否有弹窗元素:('id', 'com.ourydc.yuebaobao:id/btn_pay'):
2021-09-09 17:07:16,221 [INFO]basepage.py[line:570] 循环检测页面是否有弹窗元素:('id', 'com.ourydc.yuebaobao:id/iv_finish_close'):
2021-09-09 17:07:17,393 [INFO]basepage.py[line:72] 元素是否存在:('id', 'com.ourydc.yuebaobao:id/personIdView'):
2021-09-09 17:07:28,363 [INFO]basepage.py[line:239] 截屏成功。图片路径为D:\myObject\lk_test_app\allure_result/screenshots\2021-09-09-17-07-25_None.png:
2021-09-09 17:07:28,364 [ERROR]basepage.py[line:80] 元素不存在:('id', 'com.ourydc.yuebaobao:id/personIdView'):
2021-09-09 17:07:28,364 [INFO]basepage.py[line:72] 元素是否存在:('id', 'com.ourydc.yuebaobao:id/nick'):
2021-09-09 17:07:39,121 [INFO]basepage.py[line:239] 截屏成功。图片路径为D:\myObject\lk_test_app\allure_result/screenshots\2021-09-09-17-07-36_None.png:
2021-09-09 17:07:39,121 [ERROR]basepage.py[line:80] 元素不存在:('id', 'com.ourydc.yuebaobao:id/nick'):
2021-09-09 17:07:39,122 [INFO]basepage.py[line:59] 等待元素可点击:('id', 'com.ourydc.yuebaobao:id/attentionBtn'):
2021-09-09 17:07:47,683 [ERROR]basepage.py[line:64] 未找到或元素不可点击('id', 'com.ourydc.yuebaobao:id/attentionBtn'):
2021-09-09 17:07:50,153 [INFO]basepage.py[line:239] 截屏成功。图片路径为D:\myObject\lk_test_app\allure_result/screenshots\2021-09-09-17-07-47_等待可点击截图.png:
2021-09-09 17:07:53,373 [INFO]basepage.py[line:570] 循环检测页面是否有弹窗元素:('id', 'com.ourydc.yuebaobao:id/back'):
2021-09-09 17:07:53,374 [INFO]basepage.py[line:570] 循环检测页面是否有弹窗元素:('id', 'com.ourydc.yuebaobao:id/iv_cancel'):
2021-09-09 17:07:53,374 [INFO]basepage.py[line:570] 循环检测页面是否有弹窗元素:('id', 'com.ourydc.yuebaobao:id/btn_iknow'):
2021-09-09 17:07:53,374 [INFO]basepage.py[line:570] 循环检测页面是否有弹窗元素:('id', 'com.ourydc.yuebaobao:id/btn_pay'):
2021-09-09 17:07:53,375 [INFO]basepage.py[line:570] 循环检测页面是否有弹窗元素:('id', 'com.ourydc.yuebaobao:id/iv_finish_close'):
2021-09-09 17:07:56,736 [INFO]basepage.py[line:570] 循环检测页面是否有弹窗元素:('id', 'com.ourydc.yuebaobao:id/back'):
2021-09-09 17:07:56,737 [INFO]basepage.py[line:570] 循环检测页面是否有弹窗元素:('id', 'com.ourydc.yuebaobao:id/iv_cancel'):
2021-09-09 17:07:56,737 [INFO]basepage.py[line:570] 循环检测页面是否有弹窗元素:('id', 'com.ourydc.yuebaobao:id/btn_iknow'):
2021-09-09 17:07:56,738 [INFO]basepage.py[line:570] 循环检测页面是否有弹窗元素:('id', 'com.ourydc.yuebaobao:id/btn_pay'):
2021-09-09 17:07:56,738 [INFO]basepage.py[line:570] 循环检测页面是否有弹窗元素:('id', 'com.ourydc.yuebaobao:id/iv_finish_close'):
2021-09-09 17:07:57,870 [INFO]basepage.py[line:59] 等待元素可点击:('id', 'com.ourydc.yuebaobao:id/msgBtn'):
2021-09-09 17:08:06,378 [ERROR]basepage.py[line:64] 未找到或元素不可点击('id', 'com.ourydc.yuebaobao:id/msgBtn'):
2021-09-09 17:08:09,176 [INFO]basepage.py[line:239] 截屏成功。图片路径为D:\myObject\lk_test_app\allure_result/screenshots\2021-09-09-17-08-06_等待可点击截图.png:
2021-09-09 17:08:12,354 [INFO]basepage.py[line:570] 循环检测页面是否有弹窗元素:('id', 'com.ourydc.yuebaobao:id/back'):
2021-09-09 17:08:12,355 [INFO]basepage.py[line:570] 循环检测页面是否有弹窗元素:('id', 'com.ourydc.yuebaobao:id/iv_cancel'):
2021-09-09 17:08:12,355 [INFO]basepage.py[line:570] 循环检测页面是否有弹窗元素:('id', 'com.ourydc.yuebaobao:id/btn_iknow'):
2021-09-09 17:08:12,356 [INFO]basepage.py[line:570] 循环检测页面是否有弹窗元素:('id', 'com.ourydc.yuebaobao:id/btn_pay'):
2021-09-09 17:08:12,356 [INFO]basepage.py[line:570] 循环检测页面是否有弹窗元素:('id', 'com.ourydc.yuebaobao:id/iv_finish_close'):
2021-09-09 17:08:15,556 [INFO]basepage.py[line:570] 循环检测页面是否有弹窗元素:('id', 'com.ourydc.yuebaobao:id/back'):
2021-09-09 17:08:15,556 [INFO]basepage.py[line:570] 循环检测页面是否有弹窗元素:('id', 'com.ourydc.yuebaobao:id/iv_cancel'):
2021-09-09 17:08:15,557 [INFO]basepage.py[line:570] 循环检测页面是否有弹窗元素:('id', 'com.ourydc.yuebaobao:id/btn_iknow'):
2021-09-09 17:08:15,557 [INFO]basepage.py[line:570] 循环检测页面是否有弹窗元素:('id', 'com.ourydc.yuebaobao:id/btn_pay'):
2021-09-09 17:08:15,558 [INFO]basepage.py[line:570] 循环检测页面是否有弹窗元素:('id', 'com.ourydc.yuebaobao:id/iv_finish_close'):
2021-09-09 17:08:16,617 [INFO]basepage.py[line:59] 等待元素可点击:('id', 'com.ourydc.yuebaobao:id/iv_back_new'):
2021-09-09 17:08:17,772 [INFO]basepage.py[line:84] None：获取元素 ('id', 'com.ourydc.yuebaobao:id/iv_back_new'):
2021-09-09 17:08:17,849 [INFO]basepage.py[line:59] 等待元素可点击:('id', 'com.ourydc.yuebaobao:id/sendBtn'):
2021-09-09 17:08:26,359 [ERROR]basepage.py[line:64] 未找到或元素不可点击('id', 'com.ourydc.yuebaobao:id/sendBtn'):
2021-09-09 17:08:27,296 [INFO]basepage.py[line:239] 截屏成功。图片路径为D:\myObject\lk_test_app\allure_result/screenshots\2021-09-09-17-08-26_等待可点击截图.png:
2021-09-09 17:08:30,747 [INFO]basepage.py[line:570] 循环检测页面是否有弹窗元素:('id', 'com.ourydc.yuebaobao:id/back'):
2021-09-09 17:08:30,748 [INFO]basepage.py[line:570] 循环检测页面是否有弹窗元素:('id', 'com.ourydc.yuebaobao:id/iv_cancel'):
2021-09-09 17:08:30,748 [INFO]basepage.py[line:570] 循环检测页面是否有弹窗元素:('id', 'com.ourydc.yuebaobao:id/btn_iknow'):
2021-09-09 17:08:30,749 [INFO]basepage.py[line:570] 循环检测页面是否有弹窗元素:('id', 'com.ourydc.yuebaobao:id/btn_pay'):
2021-09-09 17:08:30,749 [INFO]basepage.py[line:570] 循环检测页面是否有弹窗元素:('id', 'com.ourydc.yuebaobao:id/iv_finish_close'):
2021-09-09 17:08:34,058 [INFO]basepage.py[line:570] 循环检测页面是否有弹窗元素:('id', 'com.ourydc.yuebaobao:id/back'):
2021-09-09 17:08:34,059 [INFO]basepage.py[line:570] 循环检测页面是否有弹窗元素:('id', 'com.ourydc.yuebaobao:id/iv_cancel'):
2021-09-09 17:08:34,059 [INFO]basepage.py[line:570] 循环检测页面是否有弹窗元素:('id', 'com.ourydc.yuebaobao:id/btn_iknow'):
2021-09-09 17:08:34,059 [INFO]basepage.py[line:570] 循环检测页面是否有弹窗元素:('id', 'com.ourydc.yuebaobao:id/btn_pay'):
2021-09-09 17:08:34,060 [INFO]basepage.py[line:570] 循环检测页面是否有弹窗元素:('id', 'com.ourydc.yuebaobao:id/iv_finish_close'):
2021-09-09 17:08:35,153 [INFO]basepage.py[line:59] 等待元素可点击:('id', 'com.ourydc.yuebaobao:id/iv_user_profile'):
2021-09-09 17:08:44,040 [ERROR]basepage.py[line:64] 未找到或元素不可点击('id', 'com.ourydc.yuebaobao:id/iv_user_profile'):
2021-09-09 17:08:44,937 [INFO]basepage.py[line:239] 截屏成功。图片路径为D:\myObject\lk_test_app\allure_result/screenshots\2021-09-09-17-08-44_等待可点击截图.png:
2021-09-09 17:08:48,635 [INFO]basepage.py[line:570] 循环检测页面是否有弹窗元素:('id', 'com.ourydc.yuebaobao:id/back'):
2021-09-09 17:08:48,636 [INFO]basepage.py[line:570] 循环检测页面是否有弹窗元素:('id', 'com.ourydc.yuebaobao:id/iv_cancel'):
2021-09-09 17:08:48,636 [INFO]basepage.py[line:570] 循环检测页面是否有弹窗元素:('id', 'com.ourydc.yuebaobao:id/btn_iknow'):
2021-09-09 17:08:48,637 [INFO]basepage.py[line:570] 循环检测页面是否有弹窗元素:('id', 'com.ourydc.yuebaobao:id/btn_pay'):
2021-09-09 17:08:48,637 [INFO]basepage.py[line:570] 循环检测页面是否有弹窗元素:('id', 'com.ourydc.yuebaobao:id/iv_finish_close'):
2021-09-09 17:08:51,904 [INFO]basepage.py[line:570] 循环检测页面是否有弹窗元素:('id', 'com.ourydc.yuebaobao:id/back'):
2021-09-09 17:08:51,905 [INFO]basepage.py[line:570] 循环检测页面是否有弹窗元素:('id', 'com.ourydc.yuebaobao:id/iv_cancel'):
2021-09-09 17:08:51,905 [INFO]basepage.py[line:570] 循环检测页面是否有弹窗元素:('id', 'com.ourydc.yuebaobao:id/btn_iknow'):
2021-09-09 17:08:51,905 [INFO]basepage.py[line:570] 循环检测页面是否有弹窗元素:('id', 'com.ourydc.yuebaobao:id/btn_pay'):
2021-09-09 17:08:51,906 [INFO]basepage.py[line:570] 循环检测页面是否有弹窗元素:('id', 'com.ourydc.yuebaobao:id/iv_finish_close'):
2021-09-09 17:08:53,519 [INFO]basepage.py[line:59] 等待元素可点击:('id', 'com.ourydc.yuebaobao:id/reference'):
2021-09-09 17:09:01,957 [ERROR]basepage.py[line:64] 未找到或元素不可点击('id', 'com.ourydc.yuebaobao:id/reference'):
2021-09-09 17:09:02,861 [INFO]basepage.py[line:239] 截屏成功。图片路径为D:\myObject\lk_test_app\allure_result/screenshots\2021-09-09-17-09-01_等待可点击截图.png:
2021-09-09 17:09:06,170 [INFO]basepage.py[line:570] 循环检测页面是否有弹窗元素:('id', 'com.ourydc.yuebaobao:id/back'):
2021-09-09 17:09:06,170 [INFO]basepage.py[line:570] 循环检测页面是否有弹窗元素:('id', 'com.ourydc.yuebaobao:id/iv_cancel'):
2021-09-09 17:09:06,171 [INFO]basepage.py[line:570] 循环检测页面是否有弹窗元素:('id', 'com.ourydc.yuebaobao:id/btn_iknow'):
2021-09-09 17:09:06,171 [INFO]basepage.py[line:570] 循环检测页面是否有弹窗元素:('id', 'com.ourydc.yuebaobao:id/btn_pay'):
2021-09-09 17:09:06,172 [INFO]basepage.py[line:570] 循环检测页面是否有弹窗元素:('id', 'com.ourydc.yuebaobao:id/iv_finish_close'):
2021-09-09 17:09:10,829 [INFO]basepage.py[line:570] 循环检测页面是否有弹窗元素:('id', 'com.ourydc.yuebaobao:id/back'):
2021-09-09 17:09:10,829 [INFO]basepage.py[line:570] 循环检测页面是否有弹窗元素:('id', 'com.ourydc.yuebaobao:id/iv_cancel'):
2021-09-09 17:09:10,830 [INFO]basepage.py[line:570] 循环检测页面是否有弹窗元素:('id', 'com.ourydc.yuebaobao:id/btn_iknow'):
2021-09-09 17:09:10,830 [INFO]basepage.py[line:570] 循环检测页面是否有弹窗元素:('id', 'com.ourydc.yuebaobao:id/btn_pay'):
2021-09-09 17:09:10,831 [INFO]basepage.py[line:570] 循环检测页面是否有弹窗元素:('id', 'com.ourydc.yuebaobao:id/iv_finish_close'):
2021-09-09 17:09:13,743 [INFO]basepage.py[line:34] basepage: 等待元素可见 ('id', 'com.ourydc.yuebaobao:id/roomIdTv'):
2021-09-09 17:09:22,131 [ERROR]basepage.py[line:39] 等待元素可见失败。:
Traceback (most recent call last):
  File "D:\myObject\lk_test_app\Common\basepage.py", line 36, in wait_eleVisible
    WebDriverWait(self.driver, timeout, poll_frequency).until(EC.visibility_of_element_located(loc))
  File "D:\myFile\python3.7.8\lib\site-packages\selenium\webdriver\support\wait.py", line 80, in until
    raise TimeoutException(message, screen, stacktrace)
selenium.common.exceptions.TimeoutException: Message: 

2021-09-09 17:09:23,652 [INFO]basepage.py[line:239] 截屏成功。图片路径为D:\myObject\lk_test_app\allure_result/screenshots\2021-09-09-17-09-22_basepage.png:
2021-09-09 17:09:23,652 [INFO]basepage.py[line:59] 等待元素可点击:('id', 'com.ourydc.yuebaobao:id/iv_first_recharge'):
2021-09-09 17:09:31,836 [ERROR]basepage.py[line:64] 未找到或元素不可点击('id', 'com.ourydc.yuebaobao:id/iv_first_recharge'):
2021-09-09 17:09:33,313 [INFO]basepage.py[line:239] 截屏成功。图片路径为D:\myObject\lk_test_app\allure_result/screenshots\2021-09-09-17-09-31_等待可点击截图.png:
2021-09-09 17:09:36,465 [INFO]basepage.py[line:570] 循环检测页面是否有弹窗元素:('id', 'com.ourydc.yuebaobao:id/back'):
2021-09-09 17:09:36,465 [INFO]basepage.py[line:570] 循环检测页面是否有弹窗元素:('id', 'com.ourydc.yuebaobao:id/iv_cancel'):
2021-09-09 17:09:36,466 [INFO]basepage.py[line:570] 循环检测页面是否有弹窗元素:('id', 'com.ourydc.yuebaobao:id/btn_iknow'):
2021-09-09 17:09:36,466 [INFO]basepage.py[line:570] 循环检测页面是否有弹窗元素:('id', 'com.ourydc.yuebaobao:id/btn_pay'):
2021-09-09 17:09:36,467 [INFO]basepage.py[line:570] 循环检测页面是否有弹窗元素:('id', 'com.ourydc.yuebaobao:id/iv_finish_close'):
2021-09-09 17:09:39,626 [INFO]basepage.py[line:570] 循环检测页面是否有弹窗元素:('id', 'com.ourydc.yuebaobao:id/back'):
2021-09-09 17:09:39,626 [INFO]basepage.py[line:570] 循环检测页面是否有弹窗元素:('id', 'com.ourydc.yuebaobao:id/iv_cancel'):
2021-09-09 17:09:39,626 [INFO]basepage.py[line:570] 循环检测页面是否有弹窗元素:('id', 'com.ourydc.yuebaobao:id/btn_iknow'):
2021-09-09 17:09:39,627 [INFO]basepage.py[line:570] 循环检测页面是否有弹窗元素:('id', 'com.ourydc.yuebaobao:id/btn_pay'):
2021-09-09 17:09:39,627 [INFO]basepage.py[line:570] 循环检测页面是否有弹窗元素:('id', 'com.ourydc.yuebaobao:id/iv_finish_close'):
2021-09-09 17:09:40,672 [INFO]basepage.py[line:59] 等待元素可点击:('xpath', "//*[@class='android.widget.RelativeLayout' and @index='0']"):
2021-09-09 17:09:41,839 [INFO]basepage.py[line:84] None：获取元素 ('xpath', "//*[@class='android.widget.RelativeLayout' and @index='0']"):
2021-09-09 17:09:43,964 [INFO]basepage.py[line:59] 等待元素可点击:('id', 'com.ourydc.yuebaobao:id/btn_send_gift'):
2021-09-09 17:09:52,149 [ERROR]basepage.py[line:64] 未找到或元素不可点击('id', 'com.ourydc.yuebaobao:id/btn_send_gift'):
2021-09-09 17:09:53,668 [INFO]basepage.py[line:239] 截屏成功。图片路径为D:\myObject\lk_test_app\allure_result/screenshots\2021-09-09-17-09-52_等待可点击截图.png:
2021-09-09 17:09:56,852 [INFO]basepage.py[line:570] 循环检测页面是否有弹窗元素:('id', 'com.ourydc.yuebaobao:id/back'):
2021-09-09 17:09:56,853 [INFO]basepage.py[line:570] 循环检测页面是否有弹窗元素:('id', 'com.ourydc.yuebaobao:id/iv_cancel'):
2021-09-09 17:09:56,854 [INFO]basepage.py[line:570] 循环检测页面是否有弹窗元素:('id', 'com.ourydc.yuebaobao:id/btn_iknow'):
2021-09-09 17:09:56,854 [INFO]basepage.py[line:570] 循环检测页面是否有弹窗元素:('id', 'com.ourydc.yuebaobao:id/btn_pay'):
2021-09-09 17:09:56,854 [INFO]basepage.py[line:570] 循环检测页面是否有弹窗元素:('id', 'com.ourydc.yuebaobao:id/iv_finish_close'):
2021-09-09 17:10:00,020 [INFO]basepage.py[line:570] 循环检测页面是否有弹窗元素:('id', 'com.ourydc.yuebaobao:id/back'):
2021-09-09 17:10:00,020 [INFO]basepage.py[line:570] 循环检测页面是否有弹窗元素:('id', 'com.ourydc.yuebaobao:id/iv_cancel'):
2021-09-09 17:10:00,020 [INFO]basepage.py[line:570] 循环检测页面是否有弹窗元素:('id', 'com.ourydc.yuebaobao:id/btn_iknow'):
2021-09-09 17:10:00,021 [INFO]basepage.py[line:570] 循环检测页面是否有弹窗元素:('id', 'com.ourydc.yuebaobao:id/btn_pay'):
2021-09-09 17:10:00,021 [INFO]basepage.py[line:570] 循环检测页面是否有弹窗元素:('id', 'com.ourydc.yuebaobao:id/iv_finish_close'):
2021-09-09 17:10:01,063 [INFO]basepage.py[line:59] 等待元素可点击:('xpath', "//*[@class='android.widget.RelativeLayout' and @index='1']"):
2021-09-09 17:10:02,202 [INFO]basepage.py[line:84] None：获取元素 ('xpath', "//*[@class='android.widget.RelativeLayout' and @index='1']"):
2021-09-09 17:10:04,315 [INFO]basepage.py[line:59] 等待元素可点击:('id', 'com.ourydc.yuebaobao:id/btn_send_gift'):
2021-09-09 17:10:12,453 [ERROR]basepage.py[line:64] 未找到或元素不可点击('id', 'com.ourydc.yuebaobao:id/btn_send_gift'):
2021-09-09 17:10:13,982 [INFO]basepage.py[line:239] 截屏成功。图片路径为D:\myObject\lk_test_app\allure_result/screenshots\2021-09-09-17-10-12_等待可点击截图.png:
2021-09-09 17:10:17,131 [INFO]basepage.py[line:570] 循环检测页面是否有弹窗元素:('id', 'com.ourydc.yuebaobao:id/back'):
2021-09-09 17:10:17,132 [INFO]basepage.py[line:570] 循环检测页面是否有弹窗元素:('id', 'com.ourydc.yuebaobao:id/iv_cancel'):
2021-09-09 17:10:17,132 [INFO]basepage.py[line:570] 循环检测页面是否有弹窗元素:('id', 'com.ourydc.yuebaobao:id/btn_iknow'):
2021-09-09 17:10:17,133 [INFO]basepage.py[line:570] 循环检测页面是否有弹窗元素:('id', 'com.ourydc.yuebaobao:id/btn_pay'):
2021-09-09 17:10:17,133 [INFO]basepage.py[line:570] 循环检测页面是否有弹窗元素:('id', 'com.ourydc.yuebaobao:id/iv_finish_close'):
2021-09-09 17:10:20,257 [INFO]basepage.py[line:570] 循环检测页面是否有弹窗元素:('id', 'com.ourydc.yuebaobao:id/back'):
2021-09-09 17:10:20,257 [INFO]basepage.py[line:570] 循环检测页面是否有弹窗元素:('id', 'com.ourydc.yuebaobao:id/iv_cancel'):
2021-09-09 17:10:20,258 [INFO]basepage.py[line:570] 循环检测页面是否有弹窗元素:('id', 'com.ourydc.yuebaobao:id/btn_iknow'):
2021-09-09 17:10:20,258 [INFO]basepage.py[line:570] 循环检测页面是否有弹窗元素:('id', 'com.ourydc.yuebaobao:id/btn_pay'):
2021-09-09 17:10:20,259 [INFO]basepage.py[line:570] 循环检测页面是否有弹窗元素:('id', 'com.ourydc.yuebaobao:id/iv_finish_close'):
2021-09-09 17:10:21,313 [INFO]basepage.py[line:59] 等待元素可点击:('xpath', "//*[@class='android.widget.RelativeLayout' and @index='2']"):
2021-09-09 17:10:29,661 [ERROR]basepage.py[line:64] 未找到或元素不可点击('xpath', "//*[@class='android.widget.RelativeLayout' and @index='2']"):
2021-09-09 17:10:31,191 [INFO]basepage.py[line:239] 截屏成功。图片路径为D:\myObject\lk_test_app\allure_result/screenshots\2021-09-09-17-10-29_等待可点击截图.png:
2021-09-09 17:10:34,346 [INFO]basepage.py[line:570] 循环检测页面是否有弹窗元素:('id', 'com.ourydc.yuebaobao:id/back'):
2021-09-09 17:10:34,346 [INFO]basepage.py[line:570] 循环检测页面是否有弹窗元素:('id', 'com.ourydc.yuebaobao:id/iv_cancel'):
2021-09-09 17:10:34,346 [INFO]basepage.py[line:570] 循环检测页面是否有弹窗元素:('id', 'com.ourydc.yuebaobao:id/btn_iknow'):
2021-09-09 17:10:34,347 [INFO]basepage.py[line:570] 循环检测页面是否有弹窗元素:('id', 'com.ourydc.yuebaobao:id/btn_pay'):
2021-09-09 17:10:34,347 [INFO]basepage.py[line:570] 循环检测页面是否有弹窗元素:('id', 'com.ourydc.yuebaobao:id/iv_finish_close'):
2021-09-09 17:10:37,514 [INFO]basepage.py[line:570] 循环检测页面是否有弹窗元素:('id', 'com.ourydc.yuebaobao:id/back'):
2021-09-09 17:10:37,515 [INFO]basepage.py[line:570] 循环检测页面是否有弹窗元素:('id', 'com.ourydc.yuebaobao:id/iv_cancel'):
2021-09-09 17:10:37,515 [INFO]basepage.py[line:570] 循环检测页面是否有弹窗元素:('id', 'com.ourydc.yuebaobao:id/btn_iknow'):
2021-09-09 17:10:37,516 [INFO]basepage.py[line:570] 循环检测页面是否有弹窗元素:('id', 'com.ourydc.yuebaobao:id/btn_pay'):
2021-09-09 17:10:37,516 [INFO]basepage.py[line:570] 循环检测页面是否有弹窗元素:('id', 'com.ourydc.yuebaobao:id/iv_finish_close'):
2021-09-09 17:10:40,644 [INFO]basepage.py[line:59] 等待元素可点击:('id', 'com.ourydc.yuebaobao:id/btn_send_gift'):
2021-09-09 17:10:48,733 [ERROR]basepage.py[line:64] 未找到或元素不可点击('id', 'com.ourydc.yuebaobao:id/btn_send_gift'):
2021-09-09 17:10:50,269 [INFO]basepage.py[line:239] 截屏成功。图片路径为D:\myObject\lk_test_app\allure_result/screenshots\2021-09-09-17-10-48_等待可点击截图.png:
2021-09-09 17:10:53,412 [INFO]basepage.py[line:570] 循环检测页面是否有弹窗元素:('id', 'com.ourydc.yuebaobao:id/back'):
2021-09-09 17:10:53,413 [INFO]basepage.py[line:570] 循环检测页面是否有弹窗元素:('id', 'com.ourydc.yuebaobao:id/iv_cancel'):
2021-09-09 17:10:53,413 [INFO]basepage.py[line:570] 循环检测页面是否有弹窗元素:('id', 'com.ourydc.yuebaobao:id/btn_iknow'):
2021-09-09 17:10:53,413 [INFO]basepage.py[line:570] 循环检测页面是否有弹窗元素:('id', 'com.ourydc.yuebaobao:id/btn_pay'):
2021-09-09 17:10:53,414 [INFO]basepage.py[line:570] 循环检测页面是否有弹窗元素:('id', 'com.ourydc.yuebaobao:id/iv_finish_close'):
2021-09-09 17:10:56,610 [INFO]basepage.py[line:570] 循环检测页面是否有弹窗元素:('id', 'com.ourydc.yuebaobao:id/back'):
2021-09-09 17:10:56,611 [INFO]basepage.py[line:570] 循环检测页面是否有弹窗元素:('id', 'com.ourydc.yuebaobao:id/iv_cancel'):
2021-09-09 17:10:56,611 [INFO]basepage.py[line:570] 循环检测页面是否有弹窗元素:('id', 'com.ourydc.yuebaobao:id/btn_iknow'):
2021-09-09 17:10:56,612 [INFO]basepage.py[line:570] 循环检测页面是否有弹窗元素:('id', 'com.ourydc.yuebaobao:id/btn_pay'):
2021-09-09 17:10:56,612 [INFO]basepage.py[line:570] 循环检测页面是否有弹窗元素:('id', 'com.ourydc.yuebaobao:id/iv_finish_close'):
2021-09-09 17:11:00,069 [INFO]test_homeMakeFriends.py[line:25] 进出开播房间断言成功:
2021-09-09 17:11:00,069 [INFO]test_homeMakeFriends.py[line:25] 进出开播房间断言成功:
2021-09-09 17:11:00,069 [INFO]test_homeMakeFriends.py[line:25] 进出开播房间断言成功:
2021-09-09 17:11:00,069 [INFO]test_homeMakeFriends.py[line:25] 进出开播房间断言成功:
2021-09-09 17:11:13,364 [INFO]Common_Buss.py[line:85] ===========检查用户在线状态========:
2021-09-09 17:11:15,440 [INFO]conftest.py[line:75] ===========当前已是登录状态，无需登录========:
2021-09-09 17:11:16,448 [INFO]test_room.py[line:20] **************房间模块-推荐tap-进退聊天室****************:
2021-09-09 17:11:16,448 [INFO]test_room.py[line:20] **************房间模块-推荐tap-进退聊天室****************:
2021-09-09 17:11:16,448 [INFO]test_room.py[line:20] **************房间模块-推荐tap-进退聊天室****************:
2021-09-09 17:11:16,448 [INFO]test_room.py[line:20] **************房间模块-推荐tap-进退聊天室****************:
2021-09-09 17:11:16,451 [INFO]basepage.py[line:59] 等待元素可点击:('id', 'com.ourydc.yuebaobao:id/iv_tab_live'):
2021-09-09 17:11:17,700 [INFO]basepage.py[line:84] 点击房间模块：获取元素 ('id', 'com.ourydc.yuebaobao:id/iv_tab_live'):
2021-09-09 17:11:17,819 [INFO]basepage.py[line:59] 等待元素可点击:('xpath', "//*[@class='android.widget.TextView' and @text='推荐']"):
2021-09-09 17:11:21,090 [INFO]basepage.py[line:84] 点击tap：获取元素 ('xpath', "//*[@class='android.widget.TextView' and @text='推荐']"):
2021-09-09 17:11:35,108 [ERROR]test_room.py[line:31] 进入推荐聊天室断言失败:
2021-09-09 17:11:35,108 [ERROR]test_room.py[line:31] 进入推荐聊天室断言失败:
2021-09-09 17:11:35,108 [ERROR]test_room.py[line:31] 进入推荐聊天室断言失败:
2021-09-09 17:11:35,108 [ERROR]test_room.py[line:31] 进入推荐聊天室断言失败:
2021-09-09 17:11:36,476 [INFO]basepage.py[line:239] 截屏成功。图片路径为D:\myObject\lk_test_app\allure_result/screenshots\2021-09-09-17-11-35_进入推荐聊天室-断言截图.png:
2021-09-09 17:11:49,913 [INFO]Common_Buss.py[line:85] ===========检查用户在线状态========:
2021-09-09 17:11:52,187 [INFO]conftest.py[line:75] ===========当前已是登录状态，无需登录========:
2021-09-09 17:11:53,188 [INFO]test_room.py[line:41] **************房间模块-派对tap-进退房间****************:
2021-09-09 17:11:53,188 [INFO]test_room.py[line:41] **************房间模块-派对tap-进退房间****************:
2021-09-09 17:11:53,188 [INFO]test_room.py[line:41] **************房间模块-派对tap-进退房间****************:
2021-09-09 17:11:53,188 [INFO]test_room.py[line:41] **************房间模块-派对tap-进退房间****************:
2021-09-09 17:11:53,198 [INFO]basepage.py[line:59] 等待元素可点击:('id', 'com.ourydc.yuebaobao:id/iv_tab_live'):
2021-09-09 17:11:54,532 [INFO]basepage.py[line:84] 点击房间模块：获取元素 ('id', 'com.ourydc.yuebaobao:id/iv_tab_live'):
2021-09-09 17:11:54,645 [INFO]basepage.py[line:59] 等待元素可点击:('xpath', "//*[@class='android.widget.TextView' and @text='派对']"):
2021-09-09 17:11:57,688 [INFO]basepage.py[line:84] 点击tap：获取元素 ('xpath', "//*[@class='android.widget.TextView' and @text='派对']"):
2021-09-09 17:12:03,769 [INFO]basepage.py[line:59] 等待元素可点击:('id', 'com.ourydc.yuebaobao:id/lucky_bag_iv'):
2021-09-09 17:12:07,735 [INFO]basepage.py[line:84] 点击福袋：获取元素 ('id', 'com.ourydc.yuebaobao:id/lucky_bag_iv'):
2021-09-09 17:12:07,806 [INFO]basepage.py[line:34] 等待显示‘不发送消息给好友’: 等待元素可见 ('xpath', "//*[@class='android.view.View' and @text='不发送消息给好友']"):
2021-09-09 17:12:10,652 [INFO]basepage.py[line:59] 等待元素可点击:('id', 'com.ourydc.yuebaobao:id/rv_top'):
2021-09-09 17:12:11,813 [INFO]basepage.py[line:84] 点击排行榜：获取元素 ('id', 'com.ourydc.yuebaobao:id/rv_top'):
2021-09-09 17:12:12,032 [INFO]basepage.py[line:34] 等待周榜显示: 等待元素可见 ('xpath', "//*[@class='android.widget.TextView' and @text='周榜']"):
2021-09-09 17:12:13,953 [INFO]basepage.py[line:84] 点击周榜：获取元素 ('xpath', "//*[@class='android.widget.TextView' and @text='周榜']"):
2021-09-09 17:12:14,864 [INFO]basepage.py[line:34] 等待月榜显示: 等待元素可见 ('xpath', "//*[@class='android.widget.TextView' and @text='月榜']"):
2021-09-09 17:12:15,952 [INFO]basepage.py[line:84] 点击月榜：获取元素 ('xpath', "//*[@class='android.widget.TextView' and @text='月榜']"):
2021-09-09 17:12:16,884 [INFO]basepage.py[line:59] 等待元素可点击:('xpath', "//*[@class='android.widget.TextView' and @text='人气榜']"):
2021-09-09 17:12:18,027 [INFO]basepage.py[line:84] 点击人气榜：获取元素 ('xpath', "//*[@class='android.widget.TextView' and @text='人气榜']"):
2021-09-09 17:12:18,416 [INFO]basepage.py[line:34] 等待周榜显示: 等待元素可见 ('xpath', "//*[@class='android.widget.TextView' and @text='周榜']"):
2021-09-09 17:12:20,059 [INFO]basepage.py[line:84] 点击周榜：获取元素 ('xpath', "//*[@class='android.widget.TextView' and @text='周榜']"):
2021-09-09 17:12:20,976 [INFO]basepage.py[line:34] 等待月榜显示: 等待元素可见 ('xpath', "//*[@class='android.widget.TextView' and @text='月榜']"):
2021-09-09 17:12:22,087 [INFO]basepage.py[line:84] 点击月榜：获取元素 ('xpath', "//*[@class='android.widget.TextView' and @text='月榜']"):
2021-09-09 17:12:22,335 [INFO]basepage.py[line:59] 等待元素可点击:('xpath', "//*[@class='android.widget.TextView' and @text='守护榜']"):
2021-09-09 17:12:24,069 [INFO]basepage.py[line:84] 点击守护榜：获取元素 ('xpath', "//*[@class='android.widget.TextView' and @text='守护榜']"):
2021-09-09 17:12:26,984 [INFO]basepage.py[line:84] 点击返回按钮：获取元素 ('id', 'com.ourydc.yuebaobao:id/iv_back_new'):
2021-09-09 17:12:27,023 [INFO]basepage.py[line:59] 等待元素可点击:('id', 'com.ourydc.yuebaobao:id/masterAvatarView'):
2021-09-09 17:12:30,855 [INFO]basepage.py[line:84] None：获取元素 ('id', 'com.ourydc.yuebaobao:id/masterAvatarView'):
2021-09-09 17:12:30,907 [INFO]basepage.py[line:59] 等待元素可点击:('id', 'com.ourydc.yuebaobao:id/iv_user_profile'):
2021-09-09 17:12:33,780 [INFO]basepage.py[line:84] 点击房主资料：获取元素 ('id', 'com.ourydc.yuebaobao:id/iv_user_profile'):
2021-09-09 17:12:33,849 [INFO]basepage.py[line:72] 元素是否存在:('id', 'com.ourydc.yuebaobao:id/personIdView99999999999999'):
2021-09-09 17:12:44,352 [INFO]basepage.py[line:239] 截屏成功。图片路径为D:\myObject\lk_test_app\allure_result/screenshots\2021-09-09-17-12-42_查看房间资料.png:
2021-09-09 17:12:44,352 [ERROR]basepage.py[line:80] 元素不存在:('id', 'com.ourydc.yuebaobao:id/personIdView99999999999999'):
2021-09-09 17:13:05,754 [INFO]Common_Buss.py[line:85] ===========检查用户在线状态========:
2021-09-09 17:13:08,136 [INFO]basepage.py[line:84] None：获取元素 ('id', 'com.ourydc.yuebaobao:id/iv_cancel'):
2021-09-09 17:13:08,266 [INFO]conftest.py[line:75] ===========当前已是登录状态，无需登录========:
2021-09-09 17:13:09,267 [INFO]test_room.py[line:62] **************房间模块-开黑tap-进退房间****************:
2021-09-09 17:13:09,267 [INFO]test_room.py[line:62] **************房间模块-开黑tap-进退房间****************:
2021-09-09 17:13:09,267 [INFO]test_room.py[line:62] **************房间模块-开黑tap-进退房间****************:
2021-09-09 17:13:09,267 [INFO]test_room.py[line:62] **************房间模块-开黑tap-进退房间****************:
2021-09-09 17:13:09,270 [INFO]basepage.py[line:59] 等待元素可点击:('id', 'com.ourydc.yuebaobao:id/iv_tab_live'):
2021-09-09 17:13:10,375 [INFO]basepage.py[line:84] 点击房间模块：获取元素 ('id', 'com.ourydc.yuebaobao:id/iv_tab_live'):
2021-09-09 17:13:10,426 [INFO]basepage.py[line:59] 等待元素可点击:('xpath', "//*[@class='android.widget.TextView' and @text='开黑']"):
2021-09-09 17:13:13,616 [INFO]basepage.py[line:84] 点击tap：获取元素 ('xpath', "//*[@class='android.widget.TextView' and @text='开黑']"):
2021-09-09 17:13:19,698 [INFO]basepage.py[line:59] 等待元素可点击:('id', 'com.ourydc.yuebaobao:id/lucky_bag_iv'):
2021-09-09 17:13:23,905 [INFO]basepage.py[line:84] 点击福袋：获取元素 ('id', 'com.ourydc.yuebaobao:id/lucky_bag_iv'):
2021-09-09 17:13:24,033 [INFO]basepage.py[line:34] 等待显示‘不发送消息给好友’: 等待元素可见 ('xpath', "//*[@class='android.view.View' and @text='不发送消息给好友']"):
2021-09-09 17:13:26,967 [INFO]basepage.py[line:59] 等待元素可点击:('id', 'com.ourydc.yuebaobao:id/rv_top'):
2021-09-09 17:13:28,097 [INFO]basepage.py[line:84] 点击排行榜：获取元素 ('id', 'com.ourydc.yuebaobao:id/rv_top'):
2021-09-09 17:13:28,313 [INFO]basepage.py[line:34] 等待周榜显示: 等待元素可见 ('xpath', "//*[@class='android.widget.TextView' and @text='周榜']"):
2021-09-09 17:13:30,294 [INFO]basepage.py[line:84] 点击周榜：获取元素 ('xpath', "//*[@class='android.widget.TextView' and @text='周榜']"):
2021-09-09 17:13:31,156 [INFO]basepage.py[line:34] 等待月榜显示: 等待元素可见 ('xpath', "//*[@class='android.widget.TextView' and @text='月榜']"):
2021-09-09 17:13:32,219 [INFO]basepage.py[line:84] 点击月榜：获取元素 ('xpath', "//*[@class='android.widget.TextView' and @text='月榜']"):
2021-09-09 17:13:32,372 [INFO]basepage.py[line:59] 等待元素可点击:('xpath', "//*[@class='android.widget.TextView' and @text='人气榜']"):
2021-09-09 17:13:34,138 [INFO]basepage.py[line:84] 点击人气榜：获取元素 ('xpath', "//*[@class='android.widget.TextView' and @text='人气榜']"):
2021-09-09 17:13:34,381 [INFO]basepage.py[line:34] 等待周榜显示: 等待元素可见 ('xpath', "//*[@class='android.widget.TextView' and @text='周榜']"):
2021-09-09 17:13:36,117 [INFO]basepage.py[line:84] 点击周榜：获取元素 ('xpath', "//*[@class='android.widget.TextView' and @text='周榜']"):
2021-09-09 17:13:37,011 [INFO]basepage.py[line:34] 等待月榜显示: 等待元素可见 ('xpath', "//*[@class='android.widget.TextView' and @text='月榜']"):
2021-09-09 17:13:38,114 [INFO]basepage.py[line:84] 点击月榜：获取元素 ('xpath', "//*[@class='android.widget.TextView' and @text='月榜']"):
2021-09-09 17:13:38,966 [INFO]basepage.py[line:59] 等待元素可点击:('xpath', "//*[@class='android.widget.TextView' and @text='守护榜']"):
2021-09-09 17:13:40,069 [INFO]basepage.py[line:84] 点击守护榜：获取元素 ('xpath', "//*[@class='android.widget.TextView' and @text='守护榜']"):
2021-09-09 17:13:42,932 [INFO]basepage.py[line:84] 点击返回按钮：获取元素 ('id', 'com.ourydc.yuebaobao:id/iv_back_new'):
2021-09-09 17:13:42,963 [INFO]basepage.py[line:59] 等待元素可点击:('id', 'com.ourydc.yuebaobao:id/masterAvatarView'):
2021-09-09 17:13:44,681 [INFO]basepage.py[line:84] None：获取元素 ('id', 'com.ourydc.yuebaobao:id/masterAvatarView'):
2021-09-09 17:13:44,725 [INFO]basepage.py[line:59] 等待元素可点击:('id', 'com.ourydc.yuebaobao:id/iv_user_profile'):
2021-09-09 17:13:48,091 [INFO]basepage.py[line:84] 点击房主资料：获取元素 ('id', 'com.ourydc.yuebaobao:id/iv_user_profile'):
2021-09-09 17:13:48,194 [INFO]basepage.py[line:72] 元素是否存在:('id', 'com.ourydc.yuebaobao:id/personIdView99999999999999'):
2021-09-09 17:13:59,529 [INFO]basepage.py[line:239] 截屏成功。图片路径为D:\myObject\lk_test_app\allure_result/screenshots\2021-09-09-17-13-57_查看房间资料.png:
2021-09-09 17:13:59,530 [ERROR]basepage.py[line:80] 元素不存在:('id', 'com.ourydc.yuebaobao:id/personIdView99999999999999'):
2021-09-09 17:14:21,565 [INFO]Common_Buss.py[line:85] ===========检查用户在线状态========:
2021-09-09 17:14:24,101 [INFO]basepage.py[line:84] None：获取元素 ('id', 'com.ourydc.yuebaobao:id/iv_cancel'):
2021-09-09 17:14:24,315 [INFO]conftest.py[line:75] ===========当前已是登录状态，无需登录========:
2021-09-09 17:14:25,316 [INFO]test_room.py[line:83] **************创建小窝类型的聊天室****************:
2021-09-09 17:14:25,316 [INFO]test_room.py[line:83] **************创建小窝类型的聊天室****************:
2021-09-09 17:14:25,316 [INFO]test_room.py[line:83] **************创建小窝类型的聊天室****************:
2021-09-09 17:14:25,316 [INFO]test_room.py[line:83] **************创建小窝类型的聊天室****************:
2021-09-09 17:14:25,318 [INFO]basepage.py[line:59] 等待元素可点击:('id', 'com.ourydc.yuebaobao:id/iv_tab_live'):
2021-09-09 17:14:26,505 [INFO]basepage.py[line:84] 点击房间模块：获取元素 ('id', 'com.ourydc.yuebaobao:id/iv_tab_live'):
2021-09-09 17:14:26,589 [INFO]basepage.py[line:59] 等待元素可点击:('id', 'com.ourydc.yuebaobao:id/menuIv'):
2021-09-09 17:14:29,677 [INFO]basepage.py[line:84] 点击创建聊天室入口按钮：获取元素 ('id', 'com.ourydc.yuebaobao:id/menuIv'):
2021-09-09 17:14:29,716 [INFO]basepage.py[line:72] 元素是否存在:('xpath', "//*[@resource-id='com.ourydc.yuebaobao:id/rv']/child::android.view.ViewGroup"):
2021-09-09 17:14:30,847 [INFO]basepage.py[line:72] 元素是否存在:('xpath', "//*[@resource-id='com.ourydc.yuebaobao:id/rv_label']/child::android.view.ViewGroup"):
2021-09-09 17:14:31,534 [INFO]basepage.py[line:72] 元素是否存在:('id', 'com.ourydc.yuebaobao:id/et_tag'):
2021-09-09 17:14:31,573 [INFO]basepage.py[line:84] 清除输入框默认文本：获取元素 ('id', 'com.ourydc.yuebaobao:id/et_tag'):
2021-09-09 17:14:32,190 [INFO]basepage.py[line:129] 清除输入框默认文本: 元素：('id', 'com.ourydc.yuebaobao:id/et_tag') 清除文本内容。:
2021-09-09 17:14:32,213 [INFO]basepage.py[line:84] basepage：获取元素 ('id', 'com.ourydc.yuebaobao:id/et_tag'):
2021-09-09 17:14:32,729 [INFO]basepage.py[line:115] 输入房间话题: 在元素 ('id', 'com.ourydc.yuebaobao:id/et_tag') 中输入文本：创建房间-1631178871:
2021-09-09 17:14:32,747 [INFO]basepage.py[line:72] 元素是否存在:('xpath', "//*[@resource-id='com.ourydc.yuebaobao:id/rcv_seat_num']/child::android.view.ViewGroup"):
2021-09-09 17:14:33,305 [INFO]basepage.py[line:59] 等待元素可点击:('id', 'com.ourydc.yuebaobao:id/btn_enter'):
2021-09-09 17:14:34,969 [INFO]basepage.py[line:84] 点击确认创建房间按钮：获取元素 ('id', 'com.ourydc.yuebaobao:id/btn_enter'):
2021-09-09 17:14:40,665 [INFO]basepage.py[line:59] 等待元素可点击:('id', 'com.ourydc.yuebaobao:id/menu'):
2021-09-09 17:14:41,884 [INFO]basepage.py[line:84] 点击房间菜单按钮：获取元素 ('id', 'com.ourydc.yuebaobao:id/menu'):
2021-09-09 17:14:42,990 [INFO]basepage.py[line:72] 元素是否存在:('xpath', "//*[@resource-id='com.ourydc.yuebaobao:id/gv']/child::android.widget.RelativeLayout"):
2021-09-09 17:14:44,777 [INFO]basepage.py[line:84] None：获取元素 ('id', 'com.ourydc.yuebaobao:id/tv_sure'):
2021-09-09 17:14:44,808 [INFO]test_room.py[line:88] 创建小窝类型的聊天室断言成功:
2021-09-09 17:14:44,808 [INFO]test_room.py[line:88] 创建小窝类型的聊天室断言成功:
2021-09-09 17:14:44,808 [INFO]test_room.py[line:88] 创建小窝类型的聊天室断言成功:
2021-09-09 17:14:44,808 [INFO]test_room.py[line:88] 创建小窝类型的聊天室断言成功:
2021-09-09 17:14:58,399 [INFO]Common_Buss.py[line:85] ===========检查用户在线状态========:
2021-09-09 17:15:00,530 [INFO]conftest.py[line:75] ===========当前已是登录状态，无需登录========:
2021-09-09 17:15:01,536 [INFO]test_room.py[line:100] **************创建萌新接待类型的聊天室****************:
2021-09-09 17:15:01,536 [INFO]test_room.py[line:100] **************创建萌新接待类型的聊天室****************:
2021-09-09 17:15:01,536 [INFO]test_room.py[line:100] **************创建萌新接待类型的聊天室****************:
2021-09-09 17:15:01,536 [INFO]test_room.py[line:100] **************创建萌新接待类型的聊天室****************:
2021-09-09 17:15:01,539 [INFO]basepage.py[line:59] 等待元素可点击:('id', 'com.ourydc.yuebaobao:id/iv_tab_live'):
2021-09-09 17:15:02,694 [INFO]basepage.py[line:84] 点击房间模块：获取元素 ('id', 'com.ourydc.yuebaobao:id/iv_tab_live'):
2021-09-09 17:15:02,827 [INFO]basepage.py[line:59] 等待元素可点击:('id', 'com.ourydc.yuebaobao:id/menuIv'):
2021-09-09 17:15:06,130 [INFO]basepage.py[line:84] 点击创建聊天室入口按钮：获取元素 ('id', 'com.ourydc.yuebaobao:id/menuIv'):
2021-09-09 17:15:06,177 [INFO]basepage.py[line:72] 元素是否存在:('xpath', "//*[@resource-id='com.ourydc.yuebaobao:id/rv']/child::android.view.ViewGroup"):
2021-09-09 17:15:07,463 [INFO]basepage.py[line:72] 元素是否存在:('xpath', "//*[@resource-id='com.ourydc.yuebaobao:id/rv_label']/child::android.view.ViewGroup"):
2021-09-09 17:15:08,243 [INFO]basepage.py[line:72] 元素是否存在:('id', 'com.ourydc.yuebaobao:id/et_tag'):
2021-09-09 17:15:08,284 [INFO]basepage.py[line:84] 清除输入框默认文本：获取元素 ('id', 'com.ourydc.yuebaobao:id/et_tag'):
2021-09-09 17:15:08,880 [INFO]basepage.py[line:129] 清除输入框默认文本: 元素：('id', 'com.ourydc.yuebaobao:id/et_tag') 清除文本内容。:
2021-09-09 17:15:08,897 [INFO]basepage.py[line:84] basepage：获取元素 ('id', 'com.ourydc.yuebaobao:id/et_tag'):
2021-09-09 17:15:09,416 [INFO]basepage.py[line:115] 输入房间话题: 在元素 ('id', 'com.ourydc.yuebaobao:id/et_tag') 中输入文本：创建房间-1631178908:
2021-09-09 17:15:09,443 [INFO]basepage.py[line:59] 等待元素可点击:('id', 'com.ourydc.yuebaobao:id/btn_enter'):
2021-09-09 17:15:10,988 [INFO]basepage.py[line:84] 点击确认创建房间按钮：获取元素 ('id', 'com.ourydc.yuebaobao:id/btn_enter'):
2021-09-09 17:15:12,099 [INFO]basepage.py[line:84] basepage：获取元素 ('xpath', '//*[contains(@text,"需官方授权可开启")]'):
2021-09-09 17:15:12,174 [INFO]basepage.py[line:84] basepage：获取元素 ('xpath', '//*[contains(@text,"需官方授权可开启")]'):
2021-09-09 17:15:12,237 [INFO]room_page.py[line:97] toast=======需官方授权可开启哦～:
2021-09-09 17:15:12,237 [INFO]room_page.py[line:97] toast=======需官方授权可开启哦～:
2021-09-09 17:15:12,237 [INFO]room_page.py[line:97] toast=======需官方授权可开启哦～:
2021-09-09 17:15:12,237 [INFO]room_page.py[line:97] toast=======需官方授权可开启哦～:
2021-09-09 17:15:12,239 [ERROR]test_room.py[line:107] 创建萌新接待类型的聊天室断言失败:
2021-09-09 17:15:12,239 [ERROR]test_room.py[line:107] 创建萌新接待类型的聊天室断言失败:
2021-09-09 17:15:12,239 [ERROR]test_room.py[line:107] 创建萌新接待类型的聊天室断言失败:
2021-09-09 17:15:12,239 [ERROR]test_room.py[line:107] 创建萌新接待类型的聊天室断言失败:
2021-09-09 17:15:12,745 [INFO]basepage.py[line:239] 截屏成功。图片路径为D:\myObject\lk_test_app\allure_result/screenshots\2021-09-09-17-15-12_创建萌新接待类型聊天室-断言截图.png:
2021-09-09 17:15:25,219 [INFO]Common_Buss.py[line:85] ===========检查用户在线状态========:
2021-09-09 17:15:28,551 [INFO]Common_Buss.py[line:111] ===========用户是登录状态，开始退出========:
2021-09-09 17:15:29,604 [INFO]basepage.py[line:84] 点击我的：获取元素 ('id', 'com.ourydc.yuebaobao:id/iv_tab_mine'):
2021-09-09 17:15:29,733 [INFO]basepage.py[line:59] 等待元素可点击:('id', 'com.ourydc.yuebaobao:id/v_setting'):
2021-09-09 17:15:37,850 [ERROR]basepage.py[line:64] 未找到或元素不可点击('id', 'com.ourydc.yuebaobao:id/v_setting'):
2021-09-09 17:15:39,236 [INFO]basepage.py[line:239] 截屏成功。图片路径为D:\myObject\lk_test_app\allure_result/screenshots\2021-09-09-17-15-37_点击设置.png:
2021-09-09 17:15:42,614 [INFO]basepage.py[line:570] 循环检测页面是否有弹窗元素:('id', 'com.ourydc.yuebaobao:id/back'):
2021-09-09 17:15:42,615 [INFO]basepage.py[line:570] 循环检测页面是否有弹窗元素:('id', 'com.ourydc.yuebaobao:id/iv_cancel'):
2021-09-09 17:15:42,615 [INFO]basepage.py[line:570] 循环检测页面是否有弹窗元素:('id', 'com.ourydc.yuebaobao:id/btn_iknow'):
2021-09-09 17:15:42,616 [INFO]basepage.py[line:570] 循环检测页面是否有弹窗元素:('id', 'com.ourydc.yuebaobao:id/btn_pay'):
2021-09-09 17:15:42,616 [INFO]basepage.py[line:570] 循环检测页面是否有弹窗元素:('id', 'com.ourydc.yuebaobao:id/iv_finish_close'):
2021-09-09 17:15:46,001 [INFO]basepage.py[line:570] 循环检测页面是否有弹窗元素:('id', 'com.ourydc.yuebaobao:id/back'):
2021-09-09 17:15:46,002 [INFO]basepage.py[line:570] 循环检测页面是否有弹窗元素:('id', 'com.ourydc.yuebaobao:id/iv_cancel'):
2021-09-09 17:15:46,002 [INFO]basepage.py[line:570] 循环检测页面是否有弹窗元素:('id', 'com.ourydc.yuebaobao:id/btn_iknow'):
2021-09-09 17:15:46,002 [INFO]basepage.py[line:570] 循环检测页面是否有弹窗元素:('id', 'com.ourydc.yuebaobao:id/btn_pay'):
2021-09-09 17:15:46,003 [INFO]basepage.py[line:570] 循环检测页面是否有弹窗元素:('id', 'com.ourydc.yuebaobao:id/iv_finish_close'):
2021-09-09 17:15:47,060 [INFO]basepage.py[line:59] 等待元素可点击:('id', 'com.ourydc.yuebaobao:id/btn_logo_out'):
2021-09-09 17:15:55,538 [ERROR]basepage.py[line:64] 未找到或元素不可点击('id', 'com.ourydc.yuebaobao:id/btn_logo_out'):
2021-09-09 17:15:56,876 [INFO]basepage.py[line:239] 截屏成功。图片路径为D:\myObject\lk_test_app\allure_result/screenshots\2021-09-09-17-15-55_点击退出登录按钮.png:
2021-09-09 17:16:00,261 [INFO]basepage.py[line:570] 循环检测页面是否有弹窗元素:('id', 'com.ourydc.yuebaobao:id/back'):
2021-09-09 17:16:00,262 [INFO]basepage.py[line:570] 循环检测页面是否有弹窗元素:('id', 'com.ourydc.yuebaobao:id/iv_cancel'):
2021-09-09 17:16:00,262 [INFO]basepage.py[line:570] 循环检测页面是否有弹窗元素:('id', 'com.ourydc.yuebaobao:id/btn_iknow'):
2021-09-09 17:16:00,262 [INFO]basepage.py[line:570] 循环检测页面是否有弹窗元素:('id', 'com.ourydc.yuebaobao:id/btn_pay'):
2021-09-09 17:16:00,263 [INFO]basepage.py[line:570] 循环检测页面是否有弹窗元素:('id', 'com.ourydc.yuebaobao:id/iv_finish_close'):
2021-09-09 17:16:03,760 [INFO]basepage.py[line:570] 循环检测页面是否有弹窗元素:('id', 'com.ourydc.yuebaobao:id/back'):
2021-09-09 17:16:03,760 [INFO]basepage.py[line:570] 循环检测页面是否有弹窗元素:('id', 'com.ourydc.yuebaobao:id/iv_cancel'):
2021-09-09 17:16:03,761 [INFO]basepage.py[line:570] 循环检测页面是否有弹窗元素:('id', 'com.ourydc.yuebaobao:id/btn_iknow'):
2021-09-09 17:16:03,761 [INFO]basepage.py[line:570] 循环检测页面是否有弹窗元素:('id', 'com.ourydc.yuebaobao:id/btn_pay'):
2021-09-09 17:16:03,761 [INFO]basepage.py[line:570] 循环检测页面是否有弹窗元素:('id', 'com.ourydc.yuebaobao:id/iv_finish_close'):
2021-09-09 17:16:04,812 [INFO]basepage.py[line:59] 等待元素可点击:('id', 'com.ourydc.yuebaobao:id/tv_cancel'):
2021-09-09 17:16:12,814 [ERROR]basepage.py[line:64] 未找到或元素不可点击('id', 'com.ourydc.yuebaobao:id/tv_cancel'):
2021-09-09 17:16:14,158 [INFO]basepage.py[line:239] 截屏成功。图片路径为D:\myObject\lk_test_app\allure_result/screenshots\2021-09-09-17-16-12_点击确认退出按钮.png:
2021-09-09 17:16:17,503 [INFO]basepage.py[line:570] 循环检测页面是否有弹窗元素:('id', 'com.ourydc.yuebaobao:id/back'):
2021-09-09 17:16:17,503 [INFO]basepage.py[line:570] 循环检测页面是否有弹窗元素:('id', 'com.ourydc.yuebaobao:id/iv_cancel'):
2021-09-09 17:16:17,504 [INFO]basepage.py[line:570] 循环检测页面是否有弹窗元素:('id', 'com.ourydc.yuebaobao:id/btn_iknow'):
2021-09-09 17:16:17,504 [INFO]basepage.py[line:570] 循环检测页面是否有弹窗元素:('id', 'com.ourydc.yuebaobao:id/btn_pay'):
2021-09-09 17:16:17,504 [INFO]basepage.py[line:570] 循环检测页面是否有弹窗元素:('id', 'com.ourydc.yuebaobao:id/iv_finish_close'):
2021-09-09 17:16:20,859 [INFO]basepage.py[line:570] 循环检测页面是否有弹窗元素:('id', 'com.ourydc.yuebaobao:id/back'):
2021-09-09 17:16:20,859 [INFO]basepage.py[line:570] 循环检测页面是否有弹窗元素:('id', 'com.ourydc.yuebaobao:id/iv_cancel'):
2021-09-09 17:16:20,860 [INFO]basepage.py[line:570] 循环检测页面是否有弹窗元素:('id', 'com.ourydc.yuebaobao:id/btn_iknow'):
2021-09-09 17:16:20,860 [INFO]basepage.py[line:570] 循环检测页面是否有弹窗元素:('id', 'com.ourydc.yuebaobao:id/btn_pay'):
2021-09-09 17:16:20,861 [INFO]basepage.py[line:570] 循环检测页面是否有弹窗元素:('id', 'com.ourydc.yuebaobao:id/iv_finish_close'):
2021-09-09 17:16:21,902 [INFO]Common_Buss.py[line:119] ===========退出登录========:
2021-09-09 17:16:21,905 [INFO]test_login.py[line:46] *********登陆用例：正常场景*********:
2021-09-09 17:16:21,906 [INFO]Common_Buss.py[line:64] 检查用户协议弹窗按钮:
2021-09-09 17:16:24,205 [INFO]Common_Buss.py[line:69] 无用户协议弹窗按钮:
2021-09-09 17:16:24,208 [INFO]basepage.py[line:59] 等待元素可点击:('id', 'com.ourydc.yuebaobao:id/btn_login_phone'):
2021-09-09 17:16:32,478 [ERROR]basepage.py[line:64] 未找到或元素不可点击('id', 'com.ourydc.yuebaobao:id/btn_login_phone'):
2021-09-09 17:16:33,951 [INFO]basepage.py[line:239] 截屏成功。图片路径为D:\myObject\lk_test_app\allure_result/screenshots\2021-09-09-17-16-32_等待元素可被点击.png:
2021-09-09 17:16:37,687 [INFO]basepage.py[line:570] 循环检测页面是否有弹窗元素:('id', 'com.ourydc.yuebaobao:id/back'):
2021-09-09 17:16:37,688 [INFO]basepage.py[line:570] 循环检测页面是否有弹窗元素:('id', 'com.ourydc.yuebaobao:id/iv_cancel'):
2021-09-09 17:16:37,688 [INFO]basepage.py[line:570] 循环检测页面是否有弹窗元素:('id', 'com.ourydc.yuebaobao:id/btn_iknow'):
2021-09-09 17:16:37,689 [INFO]basepage.py[line:570] 循环检测页面是否有弹窗元素:('id', 'com.ourydc.yuebaobao:id/btn_pay'):
2021-09-09 17:16:37,689 [INFO]basepage.py[line:570] 循环检测页面是否有弹窗元素:('id', 'com.ourydc.yuebaobao:id/iv_finish_close'):
2021-09-09 17:16:41,058 [INFO]basepage.py[line:570] 循环检测页面是否有弹窗元素:('id', 'com.ourydc.yuebaobao:id/back'):
2021-09-09 17:16:41,058 [INFO]basepage.py[line:570] 循环检测页面是否有弹窗元素:('id', 'com.ourydc.yuebaobao:id/iv_cancel'):
2021-09-09 17:16:41,059 [INFO]basepage.py[line:570] 循环检测页面是否有弹窗元素:('id', 'com.ourydc.yuebaobao:id/btn_iknow'):
2021-09-09 17:16:41,059 [INFO]basepage.py[line:570] 循环检测页面是否有弹窗元素:('id', 'com.ourydc.yuebaobao:id/btn_pay'):
2021-09-09 17:16:41,059 [INFO]basepage.py[line:570] 循环检测页面是否有弹窗元素:('id', 'com.ourydc.yuebaobao:id/iv_finish_close'):
2021-09-09 17:16:42,317 [INFO]basepage.py[line:59] 等待元素可点击:('id', 'com.ourydc.yuebaobao:id/tv_account_login'):
2021-09-09 17:16:50,531 [ERROR]basepage.py[line:64] 未找到或元素不可点击('id', 'com.ourydc.yuebaobao:id/tv_account_login'):
2021-09-09 17:16:51,925 [INFO]basepage.py[line:239] 截屏成功。图片路径为D:\myObject\lk_test_app\allure_result/screenshots\2021-09-09-17-16-50_等待元素可被点击.png:
2021-09-09 17:16:55,717 [INFO]basepage.py[line:570] 循环检测页面是否有弹窗元素:('id', 'com.ourydc.yuebaobao:id/back'):
2021-09-09 17:16:55,718 [INFO]basepage.py[line:570] 循环检测页面是否有弹窗元素:('id', 'com.ourydc.yuebaobao:id/iv_cancel'):
2021-09-09 17:16:55,721 [INFO]basepage.py[line:570] 循环检测页面是否有弹窗元素:('id', 'com.ourydc.yuebaobao:id/btn_iknow'):
2021-09-09 17:16:55,722 [INFO]basepage.py[line:570] 循环检测页面是否有弹窗元素:('id', 'com.ourydc.yuebaobao:id/btn_pay'):
2021-09-09 17:16:55,722 [INFO]basepage.py[line:570] 循环检测页面是否有弹窗元素:('id', 'com.ourydc.yuebaobao:id/iv_finish_close'):
2021-09-09 17:16:59,107 [INFO]basepage.py[line:570] 循环检测页面是否有弹窗元素:('id', 'com.ourydc.yuebaobao:id/back'):
2021-09-09 17:16:59,108 [INFO]basepage.py[line:570] 循环检测页面是否有弹窗元素:('id', 'com.ourydc.yuebaobao:id/iv_cancel'):
2021-09-09 17:16:59,108 [INFO]basepage.py[line:570] 循环检测页面是否有弹窗元素:('id', 'com.ourydc.yuebaobao:id/btn_iknow'):
2021-09-09 17:16:59,109 [INFO]basepage.py[line:570] 循环检测页面是否有弹窗元素:('id', 'com.ourydc.yuebaobao:id/btn_pay'):
2021-09-09 17:16:59,109 [INFO]basepage.py[line:570] 循环检测页面是否有弹窗元素:('id', 'com.ourydc.yuebaobao:id/iv_finish_close'):
2021-09-09 17:17:00,380 [INFO]basepage.py[line:72] 元素是否存在:('id', 'com.ourydc.yuebaobao:id/et_account'):
2021-09-09 17:17:09,933 [INFO]basepage.py[line:239] 截屏成功。图片路径为D:\myObject\lk_test_app\allure_result/screenshots\2021-09-09-17-17-08_等待元素显示.png:
2021-09-09 17:17:09,933 [ERROR]basepage.py[line:80] 元素不存在:('id', 'com.ourydc.yuebaobao:id/et_account'):
2021-09-09 17:17:09,933 [INFO]basepage.py[line:84] basepage：获取元素 ('id', 'com.ourydc.yuebaobao:id/et_account'):
2021-09-09 17:17:10,186 [ERROR]basepage.py[line:88] 获取元素失败:('id', 'com.ourydc.yuebaobao:id/et_account'):
Traceback (most recent call last):
  File "D:\myObject\lk_test_app\Common\basepage.py", line 86, in get_element
    return self.driver.find_element(*loc)
  File "D:\myFile\python3.7.8\lib\site-packages\appium\webdriver\webdriver.py", line 281, in find_element
    'value': value})['value']
  File "D:\myFile\python3.7.8\lib\site-packages\selenium\webdriver\remote\webdriver.py", line 321, in execute
    self.error_handler.check_response(response)
  File "D:\myFile\python3.7.8\lib\site-packages\appium\webdriver\errorhandler.py", line 31, in check_response
    raise wde
  File "D:\myFile\python3.7.8\lib\site-packages\appium\webdriver\errorhandler.py", line 26, in check_response
    super().check_response(response)
  File "D:\myFile\python3.7.8\lib\site-packages\selenium\webdriver\remote\errorhandler.py", line 242, in check_response
    raise exception_class(message, screen, stacktrace)
selenium.common.exceptions.NoSuchElementException: Message: An element could not be located on the page using the given search parameters.

2021-09-09 17:17:11,569 [INFO]basepage.py[line:239] 截屏成功。图片路径为D:\myObject\lk_test_app\allure_result/screenshots\2021-09-09-17-17-10_basepage.png:
